{
  "RSpec": {
    "coverage": {
      "/Users/mfung/Documents/Workspace/baby_names/app/helpers/application_helper.rb": {
        "lines": [
          1,
          null
        ]
      },
      "/Users/mfung/Documents/Workspace/baby_names/app/helpers/home_helper.rb": {
        "lines": [
          1,
          null
        ]
      },
      "/Users/mfung/Documents/Workspace/baby_names/app/jobs/import_names_job.rb": {
        "lines": [
          1,
          1,
          null,
          1,
          null,
          null,
          null
        ]
      },
      "/Users/mfung/Documents/Workspace/baby_names/app/jobs/application_job.rb": {
        "lines": [
          1,
          null,
          null,
          null,
          null,
          null,
          null
        ]
      },
      "/Users/mfung/Documents/Workspace/baby_names/app/models/data_file.rb": {
        "lines": [
          1,
          null
        ]
      },
      "/Users/mfung/Documents/Workspace/baby_names/app/models/application_record.rb": {
        "lines": [
          1,
          1,
          null
        ]
      },
      "/Users/mfung/Documents/Workspace/baby_names/app/models/name.rb": {
        "lines": [
          1,
          null
        ]
      },
      "/Users/mfung/Documents/Workspace/baby_names/app/controllers/application_controller.rb": {
        "lines": [
          1,
          null
        ]
      },
      "/Users/mfung/Documents/Workspace/baby_names/app/mailers/application_mailer.rb": {
        "lines": [
          0,
          0,
          0,
          0
        ],
        "branches": {
        }
      },
      "/Users/mfung/Documents/Workspace/baby_names/app/controllers/home_controller.rb": {
        "lines": [
          0,
          0,
          0,
          0
        ],
        "branches": {
        }
      },
      "/Users/mfung/Documents/Workspace/baby_names/app/channels/application_cable/connection.rb": {
        "lines": [
          0,
          0,
          0,
          0
        ],
        "branches": {
        }
      },
      "/Users/mfung/Documents/Workspace/baby_names/app/channels/application_cable/channel.rb": {
        "lines": [
          0,
          0,
          0,
          0
        ],
        "branches": {
        }
      }
    },
    "timestamp": 1601158479
  }
}
